<?xml version="1.0" encoding="UTF-8"?>
<!-- Generated by org.testng.reporters.JUnitReportReporter -->
<testsuite hostname="WKWIN9891521" failures="0" tests="1" name="reqresApiExamples.TCPostMethod" time="3.676" errors="0" timestamp="2023-01-22T15:26:49 IST" skipped="0">
  <testcase classname="reqresApiExamples.TCPostMethod" name="TCPost" time="3.676"/>
  <system-out/>
</testsuite> <!-- reqresApiExamples.TCPostMethod -->
