<?xml version="1.0" encoding="UTF-8"?>
<!-- Generated by org.testng.reporters.JUnitReportReporter -->
<testsuite hostname="WKWIN9891521" failures="0" tests="1" name="reqresApiExamples.TCDeleteMethod" time="3.482" errors="0" timestamp="2023-01-22T15:26:21 IST" skipped="0">
  <testcase classname="reqresApiExamples.TCDeleteMethod" name="TCDelete" time="3.482"/>
  <system-out/>
</testsuite> <!-- reqresApiExamples.TCDeleteMethod -->
