<?xml version="1.0" encoding="UTF-8"?>
<!-- Generated by org.testng.reporters.JUnitReportReporter -->
<testsuite hostname="WKWIN9891521" failures="0" tests="3" name="reqresApi2.Exercise1" time="6.774" errors="0" timestamp="2023-01-23T23:47:08 IST" skipped="0">
  <testcase classname="reqresApi2.Exercise1" name="getPantOneValue_TC03" time="0.342"/>
  <system-out/>
  <testcase classname="reqresApi2.Exercise1" name="getNumberOfId" time="0.510"/>
  <system-out/>
  <testcase classname="reqresApi2.Exercise1" name="getColorValue_TC03" time="5.922"/>
  <system-out/>
</testsuite> <!-- reqresApi2.Exercise1 -->
