<?xml version="1.0" encoding="UTF-8"?>
<!-- Generated by org.testng.reporters.JUnitReportReporter -->
<testsuite hostname="WKWIN9891521" failures="0" tests="6" name="jsonPlaceHolderExamples.jsonPlaceholderRequests" time="6.806" errors="0" timestamp="2023-01-22T15:06:57 IST" skipped="0">
  <testcase classname="jsonPlaceHolderExamples.jsonPlaceholderRequests" name="patchRequest" time="0.915"/>
  <system-out/>
  <testcase classname="jsonPlaceHolderExamples.jsonPlaceholderRequests" name="getRequestWithQueryParam" time="0.873"/>
  <system-out/>
  <testcase classname="jsonPlaceHolderExamples.jsonPlaceholderRequests" name="putRequest" time="0.807"/>
  <system-out/>
  <testcase classname="jsonPlaceHolderExamples.jsonPlaceholderRequests" name="deleteRequest" time="1.904"/>
  <system-out/>
  <testcase classname="jsonPlaceHolderExamples.jsonPlaceholderRequests" name="getRequest" time="1.378"/>
  <system-out/>
  <testcase classname="jsonPlaceHolderExamples.jsonPlaceholderRequests" name="postRequest" time="0.929"/>
  <system-out/>
</testsuite> <!-- jsonPlaceHolderExamples.jsonPlaceholderRequests -->
