<?xml version="1.0" encoding="UTF-8"?>
<!-- Generated by org.testng.reporters.JUnitReportReporter -->
<testsuite hostname="WKWIN9891521" failures="0" tests="2" name="reqresApiExamples.TestCase_GET" time="5.052" errors="0" timestamp="2023-01-22T15:27:52 IST" skipped="0">
  <testcase classname="reqresApiExamples.TestCase_GET" name="getMethod_TC02" time="1.801"/>
  <system-out/>
  <testcase classname="reqresApiExamples.TestCase_GET" name="getMethod_TC01" time="3.251"/>
  <system-out/>
</testsuite> <!-- reqresApiExamples.TestCase_GET -->
