<?xml version="1.0" encoding="UTF-8"?>
<!-- Generated by org.testng.reporters.JUnitReportReporter -->
<testsuite hostname="WKWIN9891521" failures="0" tests="3" name="wireMockExamples.WireMockSingleEndpointTest" time="5.446" errors="0" timestamp="2023-01-21T00:33:42 IST" skipped="0">
  <testcase classname="wireMockExamples.WireMockSingleEndpointTest" name="serviceNotFound404" time="0.110"/>
  <system-out/>
  <testcase classname="wireMockExamples.WireMockSingleEndpointTest" name="serviceAvailable200" time="5.298"/>
  <system-out/>
  <testcase classname="wireMockExamples.WireMockSingleEndpointTest" name="serviceUnavailable503" time="0.038"/>
  <system-out/>
</testsuite> <!-- wireMockExamples.WireMockSingleEndpointTest -->
