<?xml version="1.0" encoding="UTF-8"?>
<!-- Generated by org.testng.reporters.JUnitReportReporter -->
<testsuite hostname="WKWIN9891521" failures="0" tests="1" name="reqresApiExamples.TCGetMethod" time="4.481" errors="0" timestamp="2023-01-22T15:19:40 IST" skipped="0">
  <testcase classname="reqresApiExamples.TCGetMethod" name="getMethod_TC01" time="4.481"/>
  <system-out/>
</testsuite> <!-- reqresApiExamples.TCGetMethod -->
